[debug] [2021-11-03T06:14:22.100Z] ----------------------------------------------------------------------
[debug] [2021-11-03T06:14:22.106Z] Command:       C:\Program Files\nodejs\node.exe C:\Users\Personal\AppData\Roaming\npm\node_modules\firebase-tools\lib\bin\firebase.js init
[debug] [2021-11-03T06:14:22.107Z] CLI Version:   9.11.0
[debug] [2021-11-03T06:14:22.107Z] Platform:      win32
[debug] [2021-11-03T06:14:22.107Z] Node Version:  v14.16.1
[debug] [2021-11-03T06:14:22.109Z] Time:          Wed Nov 03 2021 12:14:22 GMT+0600 (Bangladesh Standard Time)
[debug] [2021-11-03T06:14:22.109Z] ----------------------------------------------------------------------
[debug] 
[debug] [2021-11-03T06:14:22.123Z] > command requires scopes: ["email","openid","https://www.googleapis.com/auth/cloudplatformprojects.readonly","https://www.googleapis.com/auth/firebase","https://www.googleapis.com/auth/cloud-platform"]
[debug] [2021-11-03T06:14:22.123Z] > authorizing via signed-in user (ishtiaque07031997@gmail.com)
[info] 
     ######## #### ########  ######## ########     ###     ######  ########
     ##        ##  ##     ## ##       ##     ##  ##   ##  ##       ##
     ######    ##  ########  ######   ########  #########  ######  ######
     ##        ##  ##    ##  ##       ##     ## ##     ##       ## ##
     ##       #### ##     ## ######## ########  ##     ##  ######  ########

You're about to initialize a Firebase project in this directory:

  C:\Web Development\responsive-react-css3

Before we get started, keep in mind:

  * You are currently outside your home directory

